<?xml version="1.0" encoding="UTF-8"?>
<testng-results skipped="0" failed="0" ignored="0" total="3" passed="3">
  <reporter-output>
  </reporter-output>
  <suite name="Surefire suite" duration-ms="96706" started-at="2019-01-03T20:36:24Z" finished-at="2019-01-03T20:38:00Z">
    <groups>
      <group name="cucumber">
        <method signature="AbstractTestNGCucumberTests.feature(cucumber.api.testng.CucumberFeatureWrapper)[pri:0, instance:com.bdd.stepDefinitions.RunnerTest@2d3fcdbd]" name="feature" class="cucumber.api.testng.AbstractTestNGCucumberTests"/>
      </group> <!-- cucumber -->
    </groups>
    <test name="Surefire test" duration-ms="96706" started-at="2019-01-03T20:36:24Z" finished-at="2019-01-03T20:38:00Z">
      <class name="com.bdd.stepDefinitions.RunnerTest">
        <test-method status="PASS" signature="setUpClass()[pri:0, instance:com.bdd.stepDefinitions.RunnerTest@2d3fcdbd]" name="setUpClass" is-config="true" duration-ms="206" started-at="2019-01-03T20:36:24Z" finished-at="2019-01-03T20:36:24Z">
          <reporter-output>
          </reporter-output>
        </test-method> <!-- setUpClass -->
        <test-method status="PASS" signature="feature(cucumber.api.testng.CucumberFeatureWrapper)[pri:0, instance:com.bdd.stepDefinitions.RunnerTest@2d3fcdbd]" name="feature" duration-ms="63234" started-at="2019-01-03T20:36:24Z" description="Runs Cucumber Feature" data-provider="features" finished-at="2019-01-03T20:37:27Z">
          <params>
            <param index="0">
              <value>
                <![CDATA[Exercise 2 – Expedia]]>
              </value>
            </param>
          </params>
          <reporter-output>
          </reporter-output>
        </test-method> <!-- feature -->
        <test-method status="PASS" signature="feature(cucumber.api.testng.CucumberFeatureWrapper)[pri:0, instance:com.bdd.stepDefinitions.RunnerTest@2d3fcdbd]" name="feature" duration-ms="28180" started-at="2019-01-03T20:37:27Z" description="Runs Cucumber Feature" data-provider="features" finished-at="2019-01-03T20:37:55Z">
          <params>
            <param index="0">
              <value>
                <![CDATA[Exercise 1 – Google]]>
              </value>
            </param>
          </params>
          <reporter-output>
          </reporter-output>
        </test-method> <!-- feature -->
        <test-method status="PASS" signature="feature(cucumber.api.testng.CucumberFeatureWrapper)[pri:0, instance:com.bdd.stepDefinitions.RunnerTest@2d3fcdbd]" name="feature" duration-ms="4961" started-at="2019-01-03T20:37:55Z" description="Runs Cucumber Feature" data-provider="features" finished-at="2019-01-03T20:38:00Z">
          <params>
            <param index="0">
              <value>
                <![CDATA[Exercise 3 – REST API]]>
              </value>
            </param>
          </params>
          <reporter-output>
          </reporter-output>
        </test-method> <!-- feature -->
        <test-method status="PASS" signature="tearDownClass()[pri:0, instance:com.bdd.stepDefinitions.RunnerTest@2d3fcdbd]" name="tearDownClass" is-config="true" duration-ms="8" started-at="2019-01-03T20:38:00Z" finished-at="2019-01-03T20:38:00Z">
          <reporter-output>
          </reporter-output>
        </test-method> <!-- tearDownClass -->
      </class> <!-- com.bdd.stepDefinitions.RunnerTest -->
    </test> <!-- Surefire test -->
  </suite> <!-- Surefire suite -->
</testng-results>
